WRN:root:tx_t (1) isn't a multiple of clk_t (0.008138020833333334)
WRN:root:grad_t (10) isn't multiple of clk_t (0.008138020833333334)
INF:root:Interpreting /Users/edison/repos/maglite/mri4all/data/acq/b1e14306-586f-11f0-9a7b-86b7b11de545#scan_1/seq/acq0.seq
INF:root:Opening PulSeq file...
INF:root:(Unused): Reading...
INF:root:(Unused): Complete
INF:root:Definitions: Reading...
INF:root:Definitions: Complete
INF:root:Blocks: Reading...
INF:root:Blocks: Complete
INF:root:RF: Reading...
INF:root:RF: Complete
INF:root:ADC: Reading...
INF:root:ADC: Complete
INF:root:Delay: Reading...
INF:root:Delay: Complete
INF:root:Shapes: Reading...
INF:root:Shapes: Complete
INF:root:Validating ids...
INF:root:Valid ids
WRN:root:Event delay 1 is not a multiple of clk_t
WRN:root:Event delay 20 is not a multiple of clk_t
WRN:root:Dwell time (1.562) rounded to 1.5625, multiple of clk_t (0.008138020833333334)
INF:root:PulSeq file loaded
INF:root:Compiling Tx data...
INF:root:Tx data compiled
INF:root:Compiling gradient data...
INF:root:Gradient data compiled
INF:acq:2
INF:acq: 
INF:acq:1
INF:acq: 
INF:acq:888888888888888h88
ERR:acq:Connection has timed out, may be the RedPitaya is not connected
ERR:acq:Failed to run sequence FID. Failure during step run_sequence.
ERR:acq:[Errno 32] Broken pipe
Traceback (most recent call last):
  File "/Users/edison/repos/maglite/mri4all/console/services/acq/main.py", line 104, in process_acquisition
    if not seq_instance.run_sequence(scan_task):
           ^^^^^^^^^^^^^^^^^^^^^^^^^^^^^^^^^^^^
  File "/Users/edison/repos/maglite/mri4all/console/sequences/FID.py", line 110, in run_sequence
    rxd, rx_t = run_pulseq(
                ^^^^^^^^^^^
  File "/Users/edison/repos/maglite/mri4all/console/external/seq/adjustments_acq/scripts.py", line 155, in run_pulseq
    expt = ex.Experiment(
           ^^^^^^^^^^^^^^
  File "/Users/edison/repos/maglite/mri4all/console/external/marcos_client/experiment.py", line 139, in __init__
    self.gradb.init_hw()
  File "/Users/edison/repos/maglite/mri4all/console/external/marcos_client/grad_board.py", line 251, in init_hw
    self.server_command({'direct': 0x00000000 | (2 << 0) | (self.adc_spi_div << 2) | (0 << 8) | (0 << 9)})
  File "/Users/edison/repos/maglite/mri4all/console/external/marcos_client/experiment.py", line 155, in server_command
    return sc.command(server_dict, self._s, self._print_infos, self._assert_errors)
           ^^^^^^^^^^^^^^^^^^^^^^^^^^^^^^^^^^^^^^^^^^^^^^^^^^^^^^^^^^^^^^^^^^^^^^^^
  File "/Users/edison/repos/maglite/mri4all/console/external/marcos_client/server_comms.py", line 75, in command
    reply = send_packet(packet, socket)
            ^^^^^^^^^^^^^^^^^^^^^^^^^^^
  File "/Users/edison/repos/maglite/mri4all/console/external/marcos_client/server_comms.py", line 61, in send_packet
    socket.sendall(msgpack.packb(packet))
BrokenPipeError: [Errno 32] Broken pipe
INF:acq:Moving folder /Users/edison/repos/maglite/mri4all/data/acq/b1e14306-586f-11f0-9a7b-86b7b11de545#scan_1 to /Users/edison/repos/maglite/mri4all/data/failure
