WRN:root:tx_t (1) isn't a multiple of clk_t (0.008138020833333334)
WRN:root:grad_t (10) isn't multiple of clk_t (0.008138020833333334)
INF:root:Interpreting /Users/edison/repos/maglite/mri4all/data/acq/64f304d2-586d-11f0-bdfa-86b7b11de545#scan_1/seq/acq0.seq
INF:root:Opening PulSeq file...
INF:root:(Unused): Reading...
INF:root:(Unused): Complete
INF:root:Definitions: Reading...
INF:root:Definitions: Complete
INF:root:Blocks: Reading...
INF:root:Blocks: Complete
INF:root:RF: Reading...
INF:root:RF: Complete
INF:root:Trapezoids: Reading...
INF:root:Trapezoids: Complete
INF:root:ADC: Reading...
INF:root:ADC: Complete
INF:root:Delay: Reading...
INF:root:Delay: Complete
INF:root:Shapes: Reading...
INF:root:Shapes: Complete
INF:root:Validating ids...
INF:root:Valid ids
WRN:root:Event delay 1 is not a multiple of clk_t
WRN:root:Event delay 2 is not a multiple of clk_t
WRN:root:Event delay 3 is not a multiple of clk_t
WRN:root:Event delay 4 is not a multiple of clk_t
WRN:root:Event delay 3 is not a multiple of clk_t
WRN:root:Event delay 4 is not a multiple of clk_t
WRN:root:Event delay 3 is not a multiple of clk_t
WRN:root:Event delay 4 is not a multiple of clk_t
WRN:root:Event delay 3 is not a multiple of clk_t
WRN:root:Event delay 4 is not a multiple of clk_t
WRN:root:Event delay 3 is not a multiple of clk_t
WRN:root:Event delay 4 is not a multiple of clk_t
WRN:root:Event delay 3 is not a multiple of clk_t
WRN:root:Event delay 4 is not a multiple of clk_t
WRN:root:Event delay 3 is not a multiple of clk_t
WRN:root:Event delay 4 is not a multiple of clk_t
WRN:root:Event delay 3 is not a multiple of clk_t
WRN:root:Event delay 4 is not a multiple of clk_t
WRN:root:Event delay 3 is not a multiple of clk_t
WRN:root:Event delay 4 is not a multiple of clk_t
WRN:root:Event delay 3 is not a multiple of clk_t
WRN:root:Event delay 4 is not a multiple of clk_t
WRN:root:Event delay 3 is not a multiple of clk_t
WRN:root:Event delay 4 is not a multiple of clk_t
WRN:root:Event delay 3 is not a multiple of clk_t
WRN:root:Event delay 4 is not a multiple of clk_t
WRN:root:Event delay 3 is not a multiple of clk_t
WRN:root:Event delay 4 is not a multiple of clk_t
WRN:root:Event delay 3 is not a multiple of clk_t
WRN:root:Event delay 4 is not a multiple of clk_t
WRN:root:Event delay 3 is not a multiple of clk_t
WRN:root:Event delay 4 is not a multiple of clk_t
WRN:root:Event delay 3 is not a multiple of clk_t
WRN:root:Event delay 4 is not a multiple of clk_t
WRN:root:Event delay 5 is not a multiple of clk_t
WRN:root:Event delay 1 is not a multiple of clk_t
WRN:root:Event delay 2 is not a multiple of clk_t
WRN:root:Event delay 3 is not a multiple of clk_t
WRN:root:Event delay 4 is not a multiple of clk_t
WRN:root:Event delay 3 is not a multiple of clk_t
WRN:root:Event delay 4 is not a multiple of clk_t
WRN:root:Event delay 3 is not a multiple of clk_t
WRN:root:Event delay 4 is not a multiple of clk_t
WRN:root:Event delay 3 is not a multiple of clk_t
WRN:root:Event delay 4 is not a multiple of clk_t
WRN:root:Event delay 3 is not a multiple of clk_t
WRN:root:Event delay 4 is not a multiple of clk_t
WRN:root:Event delay 3 is not a multiple of clk_t
WRN:root:Event delay 4 is not a multiple of clk_t
WRN:root:Event delay 3 is not a multiple of clk_t
WRN:root:Event delay 4 is not a multiple of clk_t
WRN:root:Event delay 3 is not a multiple of clk_t
WRN:root:Event delay 4 is not a multiple of clk_t
WRN:root:Event delay 3 is not a multiple of clk_t
WRN:root:Event delay 4 is not a multiple of clk_t
WRN:root:Event delay 3 is not a multiple of clk_t
WRN:root:Event delay 4 is not a multiple of clk_t
WRN:root:Event delay 3 is not a multiple of clk_t
WRN:root:Event delay 4 is not a multiple of clk_t
WRN:root:Event delay 3 is not a multiple of clk_t
WRN:root:Event delay 4 is not a multiple of clk_t
WRN:root:Event delay 3 is not a multiple of clk_t
WRN:root:Event delay 4 is not a multiple of clk_t
WRN:root:Event delay 3 is not a multiple of clk_t
WRN:root:Event delay 4 is not a multiple of clk_t
WRN:root:Event delay 3 is not a multiple of clk_t
WRN:root:Event delay 4 is not a multiple of clk_t
WRN:root:Event delay 3 is not a multiple of clk_t
WRN:root:Event delay 4 is not a multiple of clk_t
WRN:root:Event delay 5 is not a multiple of clk_t
WRN:root:Event delay 1 is not a multiple of clk_t
WRN:root:Event delay 2 is not a multiple of clk_t
WRN:root:Event delay 3 is not a multiple of clk_t
WRN:root:Event delay 4 is not a multiple of clk_t
WRN:root:Event delay 3 is not a multiple of clk_t
WRN:root:Event delay 4 is not a multiple of clk_t
WRN:root:Event delay 3 is not a multiple of clk_t
WRN:root:Event delay 4 is not a multiple of clk_t
WRN:root:Event delay 3 is not a multiple of clk_t
WRN:root:Event delay 4 is not a multiple of clk_t
WRN:root:Event delay 3 is not a multiple of clk_t
WRN:root:Event delay 4 is not a multiple of clk_t
WRN:root:Event delay 3 is not a multiple of clk_t
WRN:root:Event delay 4 is not a multiple of clk_t
WRN:root:Event delay 3 is not a multiple of clk_t
WRN:root:Event delay 4 is not a multiple of clk_t
WRN:root:Event delay 3 is not a multiple of clk_t
WRN:root:Event delay 4 is not a multiple of clk_t
WRN:root:Event delay 3 is not a multiple of clk_t
WRN:root:Event delay 4 is not a multiple of clk_t
WRN:root:Event delay 3 is not a multiple of clk_t
WRN:root:Event delay 4 is not a multiple of clk_t
WRN:root:Event delay 3 is not a multiple of clk_t
WRN:root:Event delay 4 is not a multiple of clk_t
WRN:root:Event delay 3 is not a multiple of clk_t
WRN:root:Event delay 4 is not a multiple of clk_t
WRN:root:Event delay 3 is not a multiple of clk_t
WRN:root:Event delay 4 is not a multiple of clk_t
WRN:root:Event delay 3 is not a multiple of clk_t
WRN:root:Event delay 4 is not a multiple of clk_t
WRN:root:Event delay 3 is not a multiple of clk_t
WRN:root:Event delay 4 is not a multiple of clk_t
WRN:root:Event delay 3 is not a multiple of clk_t
WRN:root:Event delay 4 is not a multiple of clk_t
WRN:root:Event delay 5 is not a multiple of clk_t
WRN:root:Event delay 1 is not a multiple of clk_t
WRN:root:Event delay 2 is not a multiple of clk_t
WRN:root:Event delay 3 is not a multiple of clk_t
WRN:root:Event delay 4 is not a multiple of clk_t
WRN:root:Event delay 3 is not a multiple of clk_t
WRN:root:Event delay 4 is not a multiple of clk_t
WRN:root:Event delay 3 is not a multiple of clk_t
WRN:root:Event delay 4 is not a multiple of clk_t
WRN:root:Event delay 3 is not a multiple of clk_t
WRN:root:Event delay 4 is not a multiple of clk_t
WRN:root:Event delay 3 is not a multiple of clk_t
WRN:root:Event delay 4 is not a multiple of clk_t
WRN:root:Event delay 3 is not a multiple of clk_t
WRN:root:Event delay 4 is not a multiple of clk_t
WRN:root:Event delay 3 is not a multiple of clk_t
WRN:root:Event delay 4 is not a multiple of clk_t
WRN:root:Event delay 3 is not a multiple of clk_t
WRN:root:Event delay 4 is not a multiple of clk_t
WRN:root:Event delay 3 is not a multiple of clk_t
WRN:root:Event delay 4 is not a multiple of clk_t
WRN:root:Event delay 3 is not a multiple of clk_t
WRN:root:Event delay 4 is not a multiple of clk_t
WRN:root:Event delay 3 is not a multiple of clk_t
WRN:root:Event delay 4 is not a multiple of clk_t
WRN:root:Event delay 3 is not a multiple of clk_t
WRN:root:Event delay 4 is not a multiple of clk_t
WRN:root:Event delay 3 is not a multiple of clk_t
WRN:root:Event delay 4 is not a multiple of clk_t
WRN:root:Event delay 3 is not a multiple of clk_t
WRN:root:Event delay 4 is not a multiple of clk_t
WRN:root:Event delay 3 is not a multiple of clk_t
WRN:root:Event delay 4 is not a multiple of clk_t
WRN:root:Event delay 3 is not a multiple of clk_t
WRN:root:Event delay 4 is not a multiple of clk_t
WRN:root:Event delay 5 is not a multiple of clk_t
WRN:root:Event delay 1 is not a multiple of clk_t
WRN:root:Event delay 2 is not a multiple of clk_t
WRN:root:Event delay 3 is not a multiple of clk_t
WRN:root:Event delay 4 is not a multiple of clk_t
WRN:root:Event delay 3 is not a multiple of clk_t
WRN:root:Event delay 4 is not a multiple of clk_t
WRN:root:Event delay 3 is not a multiple of clk_t
WRN:root:Event delay 4 is not a multiple of clk_t
WRN:root:Event delay 3 is not a multiple of clk_t
WRN:root:Event delay 4 is not a multiple of clk_t
WRN:root:Event delay 3 is not a multiple of clk_t
WRN:root:Event delay 4 is not a multiple of clk_t
WRN:root:Event delay 3 is not a multiple of clk_t
WRN:root:Event delay 4 is not a multiple of clk_t
WRN:root:Event delay 3 is not a multiple of clk_t
WRN:root:Event delay 4 is not a multiple of clk_t
WRN:root:Event delay 3 is not a multiple of clk_t
WRN:root:Event delay 4 is not a multiple of clk_t
WRN:root:Event delay 3 is not a multiple of clk_t
WRN:root:Event delay 4 is not a multiple of clk_t
WRN:root:Event delay 3 is not a multiple of clk_t
WRN:root:Event delay 4 is not a multiple of clk_t
WRN:root:Event delay 3 is not a multiple of clk_t
WRN:root:Event delay 4 is not a multiple of clk_t
WRN:root:Event delay 3 is not a multiple of clk_t
WRN:root:Event delay 4 is not a multiple of clk_t
WRN:root:Event delay 3 is not a multiple of clk_t
WRN:root:Event delay 4 is not a multiple of clk_t
WRN:root:Event delay 3 is not a multiple of clk_t
WRN:root:Event delay 4 is not a multiple of clk_t
WRN:root:Event delay 3 is not a multiple of clk_t
WRN:root:Event delay 4 is not a multiple of clk_t
WRN:root:Event delay 3 is not a multiple of clk_t
WRN:root:Event delay 4 is not a multiple of clk_t
WRN:root:Event delay 5 is not a multiple of clk_t
WRN:root:Event delay 1 is not a multiple of clk_t
WRN:root:Event delay 2 is not a multiple of clk_t
WRN:root:Event delay 3 is not a multiple of clk_t
WRN:root:Event delay 4 is not a multiple of clk_t
WRN:root:Event delay 3 is not a multiple of clk_t
WRN:root:Event delay 4 is not a multiple of clk_t
WRN:root:Event delay 3 is not a multiple of clk_t
WRN:root:Event delay 4 is not a multiple of clk_t
WRN:root:Event delay 3 is not a multiple of clk_t
WRN:root:Event delay 4 is not a multiple of clk_t
WRN:root:Event delay 3 is not a multiple of clk_t
WRN:root:Event delay 4 is not a multiple of clk_t
WRN:root:Event delay 3 is not a multiple of clk_t
WRN:root:Event delay 4 is not a multiple of clk_t
WRN:root:Event delay 3 is not a multiple of clk_t
WRN:root:Event delay 4 is not a multiple of clk_t
WRN:root:Event delay 3 is not a multiple of clk_t
WRN:root:Event delay 4 is not a multiple of clk_t
WRN:root:Event delay 3 is not a multiple of clk_t
WRN:root:Event delay 4 is not a multiple of clk_t
WRN:root:Event delay 3 is not a multiple of clk_t
WRN:root:Event delay 4 is not a multiple of clk_t
WRN:root:Event delay 3 is not a multiple of clk_t
WRN:root:Event delay 4 is not a multiple of clk_t
WRN:root:Event delay 3 is not a multiple of clk_t
WRN:root:Event delay 4 is not a multiple of clk_t
WRN:root:Event delay 3 is not a multiple of clk_t
WRN:root:Event delay 4 is not a multiple of clk_t
WRN:root:Event delay 3 is not a multiple of clk_t
WRN:root:Event delay 4 is not a multiple of clk_t
WRN:root:Event delay 3 is not a multiple of clk_t
WRN:root:Event delay 4 is not a multiple of clk_t
WRN:root:Event delay 3 is not a multiple of clk_t
WRN:root:Event delay 4 is not a multiple of clk_t
WRN:root:Event delay 5 is not a multiple of clk_t
WRN:root:Event delay 1 is not a multiple of clk_t
WRN:root:Event delay 2 is not a multiple of clk_t
WRN:root:Event delay 3 is not a multiple of clk_t
WRN:root:Event delay 4 is not a multiple of clk_t
WRN:root:Event delay 3 is not a multiple of clk_t
WRN:root:Event delay 4 is not a multiple of clk_t
WRN:root:Event delay 3 is not a multiple of clk_t
WRN:root:Event delay 4 is not a multiple of clk_t
WRN:root:Event delay 3 is not a multiple of clk_t
WRN:root:Event delay 4 is not a multiple of clk_t
WRN:root:Event delay 3 is not a multiple of clk_t
WRN:root:Event delay 4 is not a multiple of clk_t
WRN:root:Event delay 3 is not a multiple of clk_t
WRN:root:Event delay 4 is not a multiple of clk_t
WRN:root:Event delay 3 is not a multiple of clk_t
WRN:root:Event delay 4 is not a multiple of clk_t
WRN:root:Event delay 3 is not a multiple of clk_t
WRN:root:Event delay 4 is not a multiple of clk_t
WRN:root:Event delay 3 is not a multiple of clk_t
WRN:root:Event delay 4 is not a multiple of clk_t
WRN:root:Event delay 3 is not a multiple of clk_t
WRN:root:Event delay 4 is not a multiple of clk_t
WRN:root:Event delay 3 is not a multiple of clk_t
WRN:root:Event delay 4 is not a multiple of clk_t
WRN:root:Event delay 3 is not a multiple of clk_t
WRN:root:Event delay 4 is not a multiple of clk_t
WRN:root:Event delay 3 is not a multiple of clk_t
WRN:root:Event delay 4 is not a multiple of clk_t
WRN:root:Event delay 3 is not a multiple of clk_t
WRN:root:Event delay 4 is not a multiple of clk_t
WRN:root:Event delay 3 is not a multiple of clk_t
WRN:root:Event delay 4 is not a multiple of clk_t
WRN:root:Event delay 3 is not a multiple of clk_t
WRN:root:Event delay 4 is not a multiple of clk_t
WRN:root:Event delay 5 is not a multiple of clk_t
WRN:root:Event delay 1 is not a multiple of clk_t
WRN:root:Event delay 2 is not a multiple of clk_t
WRN:root:Event delay 3 is not a multiple of clk_t
WRN:root:Event delay 4 is not a multiple of clk_t
WRN:root:Event delay 3 is not a multiple of clk_t
WRN:root:Event delay 4 is not a multiple of clk_t
WRN:root:Event delay 3 is not a multiple of clk_t
WRN:root:Event delay 4 is not a multiple of clk_t
WRN:root:Event delay 3 is not a multiple of clk_t
WRN:root:Event delay 4 is not a multiple of clk_t
WRN:root:Event delay 3 is not a multiple of clk_t
WRN:root:Event delay 4 is not a multiple of clk_t
WRN:root:Event delay 3 is not a multiple of clk_t
WRN:root:Event delay 4 is not a multiple of clk_t
WRN:root:Event delay 3 is not a multiple of clk_t
WRN:root:Event delay 4 is not a multiple of clk_t
WRN:root:Event delay 3 is not a multiple of clk_t
WRN:root:Event delay 4 is not a multiple of clk_t
WRN:root:Event delay 3 is not a multiple of clk_t
WRN:root:Event delay 4 is not a multiple of clk_t
WRN:root:Event delay 3 is not a multiple of clk_t
WRN:root:Event delay 4 is not a multiple of clk_t
WRN:root:Event delay 3 is not a multiple of clk_t
WRN:root:Event delay 4 is not a multiple of clk_t
WRN:root:Event delay 3 is not a multiple of clk_t
WRN:root:Event delay 4 is not a multiple of clk_t
WRN:root:Event delay 3 is not a multiple of clk_t
WRN:root:Event delay 4 is not a multiple of clk_t
WRN:root:Event delay 3 is not a multiple of clk_t
WRN:root:Event delay 4 is not a multiple of clk_t
WRN:root:Event delay 3 is not a multiple of clk_t
WRN:root:Event delay 4 is not a multiple of clk_t
WRN:root:Event delay 3 is not a multiple of clk_t
WRN:root:Event delay 4 is not a multiple of clk_t
WRN:root:Event delay 5 is not a multiple of clk_t
WRN:root:Event delay 1 is not a multiple of clk_t
WRN:root:Event delay 2 is not a multiple of clk_t
WRN:root:Event delay 3 is not a multiple of clk_t
WRN:root:Event delay 4 is not a multiple of clk_t
WRN:root:Event delay 3 is not a multiple of clk_t
WRN:root:Event delay 4 is not a multiple of clk_t
WRN:root:Event delay 3 is not a multiple of clk_t
WRN:root:Event delay 4 is not a multiple of clk_t
WRN:root:Event delay 3 is not a multiple of clk_t
WRN:root:Event delay 4 is not a multiple of clk_t
WRN:root:Event delay 3 is not a multiple of clk_t
WRN:root:Event delay 4 is not a multiple of clk_t
WRN:root:Event delay 3 is not a multiple of clk_t
WRN:root:Event delay 4 is not a multiple of clk_t
WRN:root:Event delay 3 is not a multiple of clk_t
WRN:root:Event delay 4 is not a multiple of clk_t
WRN:root:Event delay 3 is not a multiple of clk_t
WRN:root:Event delay 4 is not a multiple of clk_t
WRN:root:Event delay 3 is not a multiple of clk_t
WRN:root:Event delay 4 is not a multiple of clk_t
WRN:root:Event delay 3 is not a multiple of clk_t
WRN:root:Event delay 4 is not a multiple of clk_t
WRN:root:Event delay 3 is not a multiple of clk_t
WRN:root:Event delay 4 is not a multiple of clk_t
WRN:root:Event delay 3 is not a multiple of clk_t
WRN:root:Event delay 4 is not a multiple of clk_t
WRN:root:Event delay 3 is not a multiple of clk_t
WRN:root:Event delay 4 is not a multiple of clk_t
WRN:root:Event delay 3 is not a multiple of clk_t
WRN:root:Event delay 4 is not a multiple of clk_t
WRN:root:Event delay 3 is not a multiple of clk_t
WRN:root:Event delay 4 is not a multiple of clk_t
WRN:root:Event delay 3 is not a multiple of clk_t
WRN:root:Event delay 4 is not a multiple of clk_t
WRN:root:Event delay 5 is not a multiple of clk_t
WRN:root:Event delay 1 is not a multiple of clk_t
WRN:root:Event delay 2 is not a multiple of clk_t
WRN:root:Event delay 3 is not a multiple of clk_t
WRN:root:Event delay 4 is not a multiple of clk_t
WRN:root:Event delay 3 is not a multiple of clk_t
WRN:root:Event delay 4 is not a multiple of clk_t
WRN:root:Event delay 3 is not a multiple of clk_t
WRN:root:Event delay 4 is not a multiple of clk_t
WRN:root:Event delay 3 is not a multiple of clk_t
WRN:root:Event delay 4 is not a multiple of clk_t
WRN:root:Event delay 3 is not a multiple of clk_t
WRN:root:Event delay 4 is not a multiple of clk_t
WRN:root:Event delay 3 is not a multiple of clk_t
WRN:root:Event delay 4 is not a multiple of clk_t
WRN:root:Event delay 3 is not a multiple of clk_t
WRN:root:Event delay 4 is not a multiple of clk_t
WRN:root:Event delay 3 is not a multiple of clk_t
WRN:root:Event delay 4 is not a multiple of clk_t
WRN:root:Event delay 3 is not a multiple of clk_t
WRN:root:Event delay 4 is not a multiple of clk_t
WRN:root:Event delay 3 is not a multiple of clk_t
WRN:root:Event delay 4 is not a multiple of clk_t
WRN:root:Event delay 3 is not a multiple of clk_t
WRN:root:Event delay 4 is not a multiple of clk_t
WRN:root:Event delay 3 is not a multiple of clk_t
WRN:root:Event delay 4 is not a multiple of clk_t
WRN:root:Event delay 3 is not a multiple of clk_t
WRN:root:Event delay 4 is not a multiple of clk_t
WRN:root:Event delay 3 is not a multiple of clk_t
WRN:root:Event delay 4 is not a multiple of clk_t
WRN:root:Event delay 3 is not a multiple of clk_t
WRN:root:Event delay 4 is not a multiple of clk_t
WRN:root:Event delay 3 is not a multiple of clk_t
WRN:root:Event delay 4 is not a multiple of clk_t
WRN:root:Event delay 5 is not a multiple of clk_t
WRN:root:Event delay 1 is not a multiple of clk_t
WRN:root:Event delay 2 is not a multiple of clk_t
WRN:root:Event delay 3 is not a multiple of clk_t
WRN:root:Event delay 4 is not a multiple of clk_t
WRN:root:Event delay 3 is not a multiple of clk_t
WRN:root:Event delay 4 is not a multiple of clk_t
WRN:root:Event delay 3 is not a multiple of clk_t
WRN:root:Event delay 4 is not a multiple of clk_t
WRN:root:Event delay 3 is not a multiple of clk_t
WRN:root:Event delay 4 is not a multiple of clk_t
WRN:root:Event delay 3 is not a multiple of clk_t
WRN:root:Event delay 4 is not a multiple of clk_t
WRN:root:Event delay 3 is not a multiple of clk_t
WRN:root:Event delay 4 is not a multiple of clk_t
WRN:root:Event delay 3 is not a multiple of clk_t
WRN:root:Event delay 4 is not a multiple of clk_t
WRN:root:Event delay 3 is not a multiple of clk_t
WRN:root:Event delay 4 is not a multiple of clk_t
WRN:root:Event delay 3 is not a multiple of clk_t
WRN:root:Event delay 4 is not a multiple of clk_t
WRN:root:Event delay 3 is not a multiple of clk_t
WRN:root:Event delay 4 is not a multiple of clk_t
WRN:root:Event delay 3 is not a multiple of clk_t
WRN:root:Event delay 4 is not a multiple of clk_t
WRN:root:Event delay 3 is not a multiple of clk_t
WRN:root:Event delay 4 is not a multiple of clk_t
WRN:root:Event delay 3 is not a multiple of clk_t
WRN:root:Event delay 4 is not a multiple of clk_t
WRN:root:Event delay 3 is not a multiple of clk_t
WRN:root:Event delay 4 is not a multiple of clk_t
WRN:root:Event delay 3 is not a multiple of clk_t
WRN:root:Event delay 4 is not a multiple of clk_t
WRN:root:Event delay 3 is not a multiple of clk_t
WRN:root:Event delay 4 is not a multiple of clk_t
WRN:root:Event delay 5 is not a multiple of clk_t
WRN:root:Event delay 1 is not a multiple of clk_t
WRN:root:Event delay 2 is not a multiple of clk_t
WRN:root:Event delay 3 is not a multiple of clk_t
WRN:root:Event delay 4 is not a multiple of clk_t
WRN:root:Event delay 3 is not a multiple of clk_t
WRN:root:Event delay 4 is not a multiple of clk_t
WRN:root:Event delay 3 is not a multiple of clk_t
WRN:root:Event delay 4 is not a multiple of clk_t
WRN:root:Event delay 3 is not a multiple of clk_t
WRN:root:Event delay 4 is not a multiple of clk_t
WRN:root:Event delay 3 is not a multiple of clk_t
WRN:root:Event delay 4 is not a multiple of clk_t
WRN:root:Event delay 3 is not a multiple of clk_t
WRN:root:Event delay 4 is not a multiple of clk_t
WRN:root:Event delay 3 is not a multiple of clk_t
WRN:root:Event delay 4 is not a multiple of clk_t
WRN:root:Event delay 3 is not a multiple of clk_t
WRN:root:Event delay 4 is not a multiple of clk_t
WRN:root:Event delay 3 is not a multiple of clk_t
WRN:root:Event delay 4 is not a multiple of clk_t
WRN:root:Event delay 3 is not a multiple of clk_t
WRN:root:Event delay 4 is not a multiple of clk_t
WRN:root:Event delay 3 is not a multiple of clk_t
WRN:root:Event delay 4 is not a multiple of clk_t
WRN:root:Event delay 3 is not a multiple of clk_t
WRN:root:Event delay 4 is not a multiple of clk_t
WRN:root:Event delay 3 is not a multiple of clk_t
WRN:root:Event delay 4 is not a multiple of clk_t
WRN:root:Event delay 3 is not a multiple of clk_t
WRN:root:Event delay 4 is not a multiple of clk_t
WRN:root:Event delay 3 is not a multiple of clk_t
WRN:root:Event delay 4 is not a multiple of clk_t
WRN:root:Event delay 3 is not a multiple of clk_t
WRN:root:Event delay 4 is not a multiple of clk_t
WRN:root:Event delay 5 is not a multiple of clk_t
WRN:root:Event delay 1 is not a multiple of clk_t
WRN:root:Event delay 2 is not a multiple of clk_t
WRN:root:Event delay 3 is not a multiple of clk_t
WRN:root:Event delay 4 is not a multiple of clk_t
WRN:root:Event delay 3 is not a multiple of clk_t
WRN:root:Event delay 4 is not a multiple of clk_t
WRN:root:Event delay 3 is not a multiple of clk_t
WRN:root:Event delay 4 is not a multiple of clk_t
WRN:root:Event delay 3 is not a multiple of clk_t
WRN:root:Event delay 4 is not a multiple of clk_t
WRN:root:Event delay 3 is not a multiple of clk_t
WRN:root:Event delay 4 is not a multiple of clk_t
WRN:root:Event delay 3 is not a multiple of clk_t
WRN:root:Event delay 4 is not a multiple of clk_t
WRN:root:Event delay 3 is not a multiple of clk_t
WRN:root:Event delay 4 is not a multiple of clk_t
WRN:root:Event delay 3 is not a multiple of clk_t
WRN:root:Event delay 4 is not a multiple of clk_t
WRN:root:Event delay 3 is not a multiple of clk_t
WRN:root:Event delay 4 is not a multiple of clk_t
WRN:root:Event delay 3 is not a multiple of clk_t
WRN:root:Event delay 4 is not a multiple of clk_t
WRN:root:Event delay 3 is not a multiple of clk_t
WRN:root:Event delay 4 is not a multiple of clk_t
WRN:root:Event delay 3 is not a multiple of clk_t
WRN:root:Event delay 4 is not a multiple of clk_t
WRN:root:Event delay 3 is not a multiple of clk_t
WRN:root:Event delay 4 is not a multiple of clk_t
WRN:root:Event delay 3 is not a multiple of clk_t
WRN:root:Event delay 4 is not a multiple of clk_t
WRN:root:Event delay 3 is not a multiple of clk_t
WRN:root:Event delay 4 is not a multiple of clk_t
WRN:root:Event delay 3 is not a multiple of clk_t
WRN:root:Event delay 4 is not a multiple of clk_t
WRN:root:Event delay 5 is not a multiple of clk_t
WRN:root:Event delay 1 is not a multiple of clk_t
WRN:root:Event delay 2 is not a multiple of clk_t
WRN:root:Event delay 3 is not a multiple of clk_t
WRN:root:Event delay 4 is not a multiple of clk_t
WRN:root:Event delay 3 is not a multiple of clk_t
WRN:root:Event delay 4 is not a multiple of clk_t
WRN:root:Event delay 3 is not a multiple of clk_t
WRN:root:Event delay 4 is not a multiple of clk_t
WRN:root:Event delay 3 is not a multiple of clk_t
WRN:root:Event delay 4 is not a multiple of clk_t
WRN:root:Event delay 3 is not a multiple of clk_t
WRN:root:Event delay 4 is not a multiple of clk_t
WRN:root:Event delay 3 is not a multiple of clk_t
WRN:root:Event delay 4 is not a multiple of clk_t
WRN:root:Event delay 3 is not a multiple of clk_t
WRN:root:Event delay 4 is not a multiple of clk_t
WRN:root:Event delay 3 is not a multiple of clk_t
WRN:root:Event delay 4 is not a multiple of clk_t
WRN:root:Event delay 3 is not a multiple of clk_t
WRN:root:Event delay 4 is not a multiple of clk_t
WRN:root:Event delay 3 is not a multiple of clk_t
WRN:root:Event delay 4 is not a multiple of clk_t
WRN:root:Event delay 3 is not a multiple of clk_t
WRN:root:Event delay 4 is not a multiple of clk_t
WRN:root:Event delay 3 is not a multiple of clk_t
WRN:root:Event delay 4 is not a multiple of clk_t
WRN:root:Event delay 3 is not a multiple of clk_t
WRN:root:Event delay 4 is not a multiple of clk_t
WRN:root:Event delay 3 is not a multiple of clk_t
WRN:root:Event delay 4 is not a multiple of clk_t
WRN:root:Event delay 3 is not a multiple of clk_t
WRN:root:Event delay 4 is not a multiple of clk_t
WRN:root:Event delay 3 is not a multiple of clk_t
WRN:root:Event delay 4 is not a multiple of clk_t
WRN:root:Event delay 5 is not a multiple of clk_t
WRN:root:Event delay 1 is not a multiple of clk_t
WRN:root:Event delay 2 is not a multiple of clk_t
WRN:root:Event delay 3 is not a multiple of clk_t
WRN:root:Event delay 4 is not a multiple of clk_t
WRN:root:Event delay 3 is not a multiple of clk_t
WRN:root:Event delay 4 is not a multiple of clk_t
WRN:root:Event delay 3 is not a multiple of clk_t
WRN:root:Event delay 4 is not a multiple of clk_t
WRN:root:Event delay 3 is not a multiple of clk_t
WRN:root:Event delay 4 is not a multiple of clk_t
WRN:root:Event delay 3 is not a multiple of clk_t
WRN:root:Event delay 4 is not a multiple of clk_t
WRN:root:Event delay 3 is not a multiple of clk_t
WRN:root:Event delay 4 is not a multiple of clk_t
WRN:root:Event delay 3 is not a multiple of clk_t
WRN:root:Event delay 4 is not a multiple of clk_t
WRN:root:Event delay 3 is not a multiple of clk_t
WRN:root:Event delay 4 is not a multiple of clk_t
WRN:root:Event delay 3 is not a multiple of clk_t
WRN:root:Event delay 4 is not a multiple of clk_t
WRN:root:Event delay 3 is not a multiple of clk_t
WRN:root:Event delay 4 is not a multiple of clk_t
WRN:root:Event delay 3 is not a multiple of clk_t
WRN:root:Event delay 4 is not a multiple of clk_t
WRN:root:Event delay 3 is not a multiple of clk_t
WRN:root:Event delay 4 is not a multiple of clk_t
WRN:root:Event delay 3 is not a multiple of clk_t
WRN:root:Event delay 4 is not a multiple of clk_t
WRN:root:Event delay 3 is not a multiple of clk_t
WRN:root:Event delay 4 is not a multiple of clk_t
WRN:root:Event delay 3 is not a multiple of clk_t
WRN:root:Event delay 4 is not a multiple of clk_t
WRN:root:Event delay 3 is not a multiple of clk_t
WRN:root:Event delay 4 is not a multiple of clk_t
WRN:root:Event delay 5 is not a multiple of clk_t
WRN:root:Event delay 1 is not a multiple of clk_t
WRN:root:Event delay 2 is not a multiple of clk_t
WRN:root:Event delay 3 is not a multiple of clk_t
WRN:root:Event delay 4 is not a multiple of clk_t
WRN:root:Event delay 3 is not a multiple of clk_t
WRN:root:Event delay 4 is not a multiple of clk_t
WRN:root:Event delay 3 is not a multiple of clk_t
WRN:root:Event delay 4 is not a multiple of clk_t
WRN:root:Event delay 3 is not a multiple of clk_t
WRN:root:Event delay 4 is not a multiple of clk_t
WRN:root:Event delay 3 is not a multiple of clk_t
WRN:root:Event delay 4 is not a multiple of clk_t
WRN:root:Event delay 3 is not a multiple of clk_t
WRN:root:Event delay 4 is not a multiple of clk_t
WRN:root:Event delay 3 is not a multiple of clk_t
WRN:root:Event delay 4 is not a multiple of clk_t
WRN:root:Event delay 3 is not a multiple of clk_t
WRN:root:Event delay 4 is not a multiple of clk_t
WRN:root:Event delay 3 is not a multiple of clk_t
WRN:root:Event delay 4 is not a multiple of clk_t
WRN:root:Event delay 3 is not a multiple of clk_t
WRN:root:Event delay 4 is not a multiple of clk_t
WRN:root:Event delay 3 is not a multiple of clk_t
WRN:root:Event delay 4 is not a multiple of clk_t
WRN:root:Event delay 3 is not a multiple of clk_t
WRN:root:Event delay 4 is not a multiple of clk_t
WRN:root:Event delay 3 is not a multiple of clk_t
WRN:root:Event delay 4 is not a multiple of clk_t
WRN:root:Event delay 3 is not a multiple of clk_t
WRN:root:Event delay 4 is not a multiple of clk_t
WRN:root:Event delay 3 is not a multiple of clk_t
WRN:root:Event delay 4 is not a multiple of clk_t
WRN:root:Event delay 3 is not a multiple of clk_t
WRN:root:Event delay 4 is not a multiple of clk_t
WRN:root:Event delay 5 is not a multiple of clk_t
WRN:root:Event delay 1 is not a multiple of clk_t
WRN:root:Event delay 2 is not a multiple of clk_t
WRN:root:Event delay 3 is not a multiple of clk_t
WRN:root:Event delay 4 is not a multiple of clk_t
WRN:root:Event delay 3 is not a multiple of clk_t
WRN:root:Event delay 4 is not a multiple of clk_t
WRN:root:Event delay 3 is not a multiple of clk_t
WRN:root:Event delay 4 is not a multiple of clk_t
WRN:root:Event delay 3 is not a multiple of clk_t
WRN:root:Event delay 4 is not a multiple of clk_t
WRN:root:Event delay 3 is not a multiple of clk_t
WRN:root:Event delay 4 is not a multiple of clk_t
WRN:root:Event delay 3 is not a multiple of clk_t
WRN:root:Event delay 4 is not a multiple of clk_t
WRN:root:Event delay 3 is not a multiple of clk_t
WRN:root:Event delay 4 is not a multiple of clk_t
WRN:root:Event delay 3 is not a multiple of clk_t
WRN:root:Event delay 4 is not a multiple of clk_t
WRN:root:Event delay 3 is not a multiple of clk_t
WRN:root:Event delay 4 is not a multiple of clk_t
WRN:root:Event delay 3 is not a multiple of clk_t
WRN:root:Event delay 4 is not a multiple of clk_t
WRN:root:Event delay 3 is not a multiple of clk_t
WRN:root:Event delay 4 is not a multiple of clk_t
WRN:root:Event delay 3 is not a multiple of clk_t
WRN:root:Event delay 4 is not a multiple of clk_t
WRN:root:Event delay 3 is not a multiple of clk_t
WRN:root:Event delay 4 is not a multiple of clk_t
WRN:root:Event delay 3 is not a multiple of clk_t
WRN:root:Event delay 4 is not a multiple of clk_t
WRN:root:Event delay 3 is not a multiple of clk_t
WRN:root:Event delay 4 is not a multiple of clk_t
WRN:root:Event delay 3 is not a multiple of clk_t
WRN:root:Event delay 4 is not a multiple of clk_t
WRN:root:Event delay 5 is not a multiple of clk_t
WRN:root:Event delay 1 is not a multiple of clk_t
WRN:root:Event delay 2 is not a multiple of clk_t
WRN:root:Event delay 3 is not a multiple of clk_t
WRN:root:Event delay 4 is not a multiple of clk_t
WRN:root:Event delay 3 is not a multiple of clk_t
WRN:root:Event delay 4 is not a multiple of clk_t
WRN:root:Event delay 3 is not a multiple of clk_t
WRN:root:Event delay 4 is not a multiple of clk_t
WRN:root:Event delay 3 is not a multiple of clk_t
WRN:root:Event delay 4 is not a multiple of clk_t
WRN:root:Event delay 3 is not a multiple of clk_t
WRN:root:Event delay 4 is not a multiple of clk_t
WRN:root:Event delay 3 is not a multiple of clk_t
WRN:root:Event delay 4 is not a multiple of clk_t
WRN:root:Event delay 3 is not a multiple of clk_t
WRN:root:Event delay 4 is not a multiple of clk_t
WRN:root:Event delay 3 is not a multiple of clk_t
WRN:root:Event delay 4 is not a multiple of clk_t
WRN:root:Event delay 3 is not a multiple of clk_t
WRN:root:Event delay 4 is not a multiple of clk_t
WRN:root:Event delay 3 is not a multiple of clk_t
WRN:root:Event delay 4 is not a multiple of clk_t
WRN:root:Event delay 3 is not a multiple of clk_t
WRN:root:Event delay 4 is not a multiple of clk_t
WRN:root:Event delay 3 is not a multiple of clk_t
WRN:root:Event delay 4 is not a multiple of clk_t
WRN:root:Event delay 3 is not a multiple of clk_t
WRN:root:Event delay 4 is not a multiple of clk_t
WRN:root:Event delay 3 is not a multiple of clk_t
WRN:root:Event delay 4 is not a multiple of clk_t
WRN:root:Event delay 3 is not a multiple of clk_t
WRN:root:Event delay 4 is not a multiple of clk_t
WRN:root:Event delay 3 is not a multiple of clk_t
WRN:root:Event delay 4 is not a multiple of clk_t
WRN:root:Event delay 5 is not a multiple of clk_t
WRN:root:Event delay 1 is not a multiple of clk_t
WRN:root:Event delay 2 is not a multiple of clk_t
WRN:root:Event delay 3 is not a multiple of clk_t
WRN:root:Event delay 4 is not a multiple of clk_t
WRN:root:Event delay 3 is not a multiple of clk_t
WRN:root:Event delay 4 is not a multiple of clk_t
WRN:root:Event delay 3 is not a multiple of clk_t
WRN:root:Event delay 4 is not a multiple of clk_t
WRN:root:Event delay 3 is not a multiple of clk_t
WRN:root:Event delay 4 is not a multiple of clk_t
WRN:root:Event delay 3 is not a multiple of clk_t
WRN:root:Event delay 4 is not a multiple of clk_t
WRN:root:Event delay 3 is not a multiple of clk_t
WRN:root:Event delay 4 is not a multiple of clk_t
WRN:root:Event delay 3 is not a multiple of clk_t
WRN:root:Event delay 4 is not a multiple of clk_t
WRN:root:Event delay 3 is not a multiple of clk_t
WRN:root:Event delay 4 is not a multiple of clk_t
WRN:root:Event delay 3 is not a multiple of clk_t
WRN:root:Event delay 4 is not a multiple of clk_t
WRN:root:Event delay 3 is not a multiple of clk_t
WRN:root:Event delay 4 is not a multiple of clk_t
WRN:root:Event delay 3 is not a multiple of clk_t
WRN:root:Event delay 4 is not a multiple of clk_t
WRN:root:Event delay 3 is not a multiple of clk_t
WRN:root:Event delay 4 is not a multiple of clk_t
WRN:root:Event delay 3 is not a multiple of clk_t
WRN:root:Event delay 4 is not a multiple of clk_t
WRN:root:Event delay 3 is not a multiple of clk_t
WRN:root:Event delay 4 is not a multiple of clk_t
WRN:root:Event delay 3 is not a multiple of clk_t
WRN:root:Event delay 4 is not a multiple of clk_t
WRN:root:Event delay 3 is not a multiple of clk_t
WRN:root:Event delay 4 is not a multiple of clk_t
WRN:root:Event delay 5 is not a multiple of clk_t
WRN:root:Event delay 1 is not a multiple of clk_t
WRN:root:Event delay 2 is not a multiple of clk_t
WRN:root:Event delay 3 is not a multiple of clk_t
WRN:root:Event delay 4 is not a multiple of clk_t
WRN:root:Event delay 3 is not a multiple of clk_t
WRN:root:Event delay 4 is not a multiple of clk_t
WRN:root:Event delay 3 is not a multiple of clk_t
WRN:root:Event delay 4 is not a multiple of clk_t
WRN:root:Event delay 3 is not a multiple of clk_t
WRN:root:Event delay 4 is not a multiple of clk_t
WRN:root:Event delay 3 is not a multiple of clk_t
WRN:root:Event delay 4 is not a multiple of clk_t
WRN:root:Event delay 3 is not a multiple of clk_t
WRN:root:Event delay 4 is not a multiple of clk_t
WRN:root:Event delay 3 is not a multiple of clk_t
WRN:root:Event delay 4 is not a multiple of clk_t
WRN:root:Event delay 3 is not a multiple of clk_t
WRN:root:Event delay 4 is not a multiple of clk_t
WRN:root:Event delay 3 is not a multiple of clk_t
WRN:root:Event delay 4 is not a multiple of clk_t
WRN:root:Event delay 3 is not a multiple of clk_t
WRN:root:Event delay 4 is not a multiple of clk_t
WRN:root:Event delay 3 is not a multiple of clk_t
WRN:root:Event delay 4 is not a multiple of clk_t
WRN:root:Event delay 3 is not a multiple of clk_t
WRN:root:Event delay 4 is not a multiple of clk_t
WRN:root:Event delay 3 is not a multiple of clk_t
WRN:root:Event delay 4 is not a multiple of clk_t
WRN:root:Event delay 3 is not a multiple of clk_t
WRN:root:Event delay 4 is not a multiple of clk_t
WRN:root:Event delay 3 is not a multiple of clk_t
WRN:root:Event delay 4 is not a multiple of clk_t
WRN:root:Event delay 3 is not a multiple of clk_t
WRN:root:Event delay 4 is not a multiple of clk_t
WRN:root:Event delay 5 is not a multiple of clk_t
WRN:root:Event delay 1 is not a multiple of clk_t
WRN:root:Event delay 2 is not a multiple of clk_t
WRN:root:Event delay 3 is not a multiple of clk_t
WRN:root:Event delay 4 is not a multiple of clk_t
WRN:root:Event delay 3 is not a multiple of clk_t
WRN:root:Event delay 4 is not a multiple of clk_t
WRN:root:Event delay 3 is not a multiple of clk_t
WRN:root:Event delay 4 is not a multiple of clk_t
WRN:root:Event delay 3 is not a multiple of clk_t
WRN:root:Event delay 4 is not a multiple of clk_t
WRN:root:Event delay 3 is not a multiple of clk_t
WRN:root:Event delay 4 is not a multiple of clk_t
WRN:root:Event delay 3 is not a multiple of clk_t
WRN:root:Event delay 4 is not a multiple of clk_t
WRN:root:Event delay 3 is not a multiple of clk_t
WRN:root:Event delay 4 is not a multiple of clk_t
WRN:root:Event delay 3 is not a multiple of clk_t
WRN:root:Event delay 4 is not a multiple of clk_t
WRN:root:Event delay 3 is not a multiple of clk_t
WRN:root:Event delay 4 is not a multiple of clk_t
WRN:root:Event delay 3 is not a multiple of clk_t
WRN:root:Event delay 4 is not a multiple of clk_t
WRN:root:Event delay 3 is not a multiple of clk_t
WRN:root:Event delay 4 is not a multiple of clk_t
WRN:root:Event delay 3 is not a multiple of clk_t
WRN:root:Event delay 4 is not a multiple of clk_t
WRN:root:Event delay 3 is not a multiple of clk_t
WRN:root:Event delay 4 is not a multiple of clk_t
WRN:root:Event delay 3 is not a multiple of clk_t
WRN:root:Event delay 4 is not a multiple of clk_t
WRN:root:Event delay 3 is not a multiple of clk_t
WRN:root:Event delay 4 is not a multiple of clk_t
WRN:root:Event delay 3 is not a multiple of clk_t
WRN:root:Event delay 4 is not a multiple of clk_t
WRN:root:Event delay 5 is not a multiple of clk_t
WRN:root:Event delay 1 is not a multiple of clk_t
WRN:root:Event delay 2 is not a multiple of clk_t
WRN:root:Event delay 3 is not a multiple of clk_t
WRN:root:Event delay 4 is not a multiple of clk_t
WRN:root:Event delay 3 is not a multiple of clk_t
WRN:root:Event delay 4 is not a multiple of clk_t
WRN:root:Event delay 3 is not a multiple of clk_t
WRN:root:Event delay 4 is not a multiple of clk_t
WRN:root:Event delay 3 is not a multiple of clk_t
WRN:root:Event delay 4 is not a multiple of clk_t
WRN:root:Event delay 3 is not a multiple of clk_t
WRN:root:Event delay 4 is not a multiple of clk_t
WRN:root:Event delay 3 is not a multiple of clk_t
WRN:root:Event delay 4 is not a multiple of clk_t
WRN:root:Event delay 3 is not a multiple of clk_t
WRN:root:Event delay 4 is not a multiple of clk_t
WRN:root:Event delay 3 is not a multiple of clk_t
WRN:root:Event delay 4 is not a multiple of clk_t
WRN:root:Event delay 3 is not a multiple of clk_t
WRN:root:Event delay 4 is not a multiple of clk_t
WRN:root:Event delay 3 is not a multiple of clk_t
WRN:root:Event delay 4 is not a multiple of clk_t
WRN:root:Event delay 3 is not a multiple of clk_t
WRN:root:Event delay 4 is not a multiple of clk_t
WRN:root:Event delay 3 is not a multiple of clk_t
WRN:root:Event delay 4 is not a multiple of clk_t
WRN:root:Event delay 3 is not a multiple of clk_t
WRN:root:Event delay 4 is not a multiple of clk_t
WRN:root:Event delay 3 is not a multiple of clk_t
WRN:root:Event delay 4 is not a multiple of clk_t
WRN:root:Event delay 3 is not a multiple of clk_t
WRN:root:Event delay 4 is not a multiple of clk_t
WRN:root:Event delay 3 is not a multiple of clk_t
WRN:root:Event delay 4 is not a multiple of clk_t
WRN:root:Event delay 5 is not a multiple of clk_t
WRN:root:Event delay 1 is not a multiple of clk_t
WRN:root:Event delay 2 is not a multiple of clk_t
WRN:root:Event delay 3 is not a multiple of clk_t
WRN:root:Event delay 4 is not a multiple of clk_t
WRN:root:Event delay 3 is not a multiple of clk_t
WRN:root:Event delay 4 is not a multiple of clk_t
WRN:root:Event delay 3 is not a multiple of clk_t
WRN:root:Event delay 4 is not a multiple of clk_t
WRN:root:Event delay 3 is not a multiple of clk_t
WRN:root:Event delay 4 is not a multiple of clk_t
WRN:root:Event delay 3 is not a multiple of clk_t
WRN:root:Event delay 4 is not a multiple of clk_t
WRN:root:Event delay 3 is not a multiple of clk_t
WRN:root:Event delay 4 is not a multiple of clk_t
WRN:root:Event delay 3 is not a multiple of clk_t
WRN:root:Event delay 4 is not a multiple of clk_t
WRN:root:Event delay 3 is not a multiple of clk_t
WRN:root:Event delay 4 is not a multiple of clk_t
WRN:root:Event delay 3 is not a multiple of clk_t
WRN:root:Event delay 4 is not a multiple of clk_t
WRN:root:Event delay 3 is not a multiple of clk_t
WRN:root:Event delay 4 is not a multiple of clk_t
WRN:root:Event delay 3 is not a multiple of clk_t
WRN:root:Event delay 4 is not a multiple of clk_t
WRN:root:Event delay 3 is not a multiple of clk_t
WRN:root:Event delay 4 is not a multiple of clk_t
WRN:root:Event delay 3 is not a multiple of clk_t
WRN:root:Event delay 4 is not a multiple of clk_t
WRN:root:Event delay 3 is not a multiple of clk_t
WRN:root:Event delay 4 is not a multiple of clk_t
WRN:root:Event delay 3 is not a multiple of clk_t
WRN:root:Event delay 4 is not a multiple of clk_t
WRN:root:Event delay 3 is not a multiple of clk_t
WRN:root:Event delay 4 is not a multiple of clk_t
WRN:root:Event delay 5 is not a multiple of clk_t
WRN:root:Event delay 1 is not a multiple of clk_t
WRN:root:Event delay 2 is not a multiple of clk_t
WRN:root:Event delay 3 is not a multiple of clk_t
WRN:root:Event delay 4 is not a multiple of clk_t
WRN:root:Event delay 3 is not a multiple of clk_t
WRN:root:Event delay 4 is not a multiple of clk_t
WRN:root:Event delay 3 is not a multiple of clk_t
WRN:root:Event delay 4 is not a multiple of clk_t
WRN:root:Event delay 3 is not a multiple of clk_t
WRN:root:Event delay 4 is not a multiple of clk_t
WRN:root:Event delay 3 is not a multiple of clk_t
WRN:root:Event delay 4 is not a multiple of clk_t
WRN:root:Event delay 3 is not a multiple of clk_t
WRN:root:Event delay 4 is not a multiple of clk_t
WRN:root:Event delay 3 is not a multiple of clk_t
WRN:root:Event delay 4 is not a multiple of clk_t
WRN:root:Event delay 3 is not a multiple of clk_t
WRN:root:Event delay 4 is not a multiple of clk_t
WRN:root:Event delay 3 is not a multiple of clk_t
WRN:root:Event delay 4 is not a multiple of clk_t
WRN:root:Event delay 3 is not a multiple of clk_t
WRN:root:Event delay 4 is not a multiple of clk_t
WRN:root:Event delay 3 is not a multiple of clk_t
WRN:root:Event delay 4 is not a multiple of clk_t
WRN:root:Event delay 3 is not a multiple of clk_t
WRN:root:Event delay 4 is not a multiple of clk_t
WRN:root:Event delay 3 is not a multiple of clk_t
WRN:root:Event delay 4 is not a multiple of clk_t
WRN:root:Event delay 3 is not a multiple of clk_t
WRN:root:Event delay 4 is not a multiple of clk_t
WRN:root:Event delay 3 is not a multiple of clk_t
WRN:root:Event delay 4 is not a multiple of clk_t
WRN:root:Event delay 3 is not a multiple of clk_t
WRN:root:Event delay 4 is not a multiple of clk_t
WRN:root:Event delay 5 is not a multiple of clk_t
WRN:root:Event delay 1 is not a multiple of clk_t
WRN:root:Event delay 2 is not a multiple of clk_t
WRN:root:Event delay 3 is not a multiple of clk_t
WRN:root:Event delay 4 is not a multiple of clk_t
WRN:root:Event delay 3 is not a multiple of clk_t
WRN:root:Event delay 4 is not a multiple of clk_t
WRN:root:Event delay 3 is not a multiple of clk_t
WRN:root:Event delay 4 is not a multiple of clk_t
WRN:root:Event delay 3 is not a multiple of clk_t
WRN:root:Event delay 4 is not a multiple of clk_t
WRN:root:Event delay 3 is not a multiple of clk_t
WRN:root:Event delay 4 is not a multiple of clk_t
WRN:root:Event delay 3 is not a multiple of clk_t
WRN:root:Event delay 4 is not a multiple of clk_t
WRN:root:Event delay 3 is not a multiple of clk_t
WRN:root:Event delay 4 is not a multiple of clk_t
WRN:root:Event delay 3 is not a multiple of clk_t
WRN:root:Event delay 4 is not a multiple of clk_t
WRN:root:Event delay 3 is not a multiple of clk_t
WRN:root:Event delay 4 is not a multiple of clk_t
WRN:root:Event delay 3 is not a multiple of clk_t
WRN:root:Event delay 4 is not a multiple of clk_t
WRN:root:Event delay 3 is not a multiple of clk_t
WRN:root:Event delay 4 is not a multiple of clk_t
WRN:root:Event delay 3 is not a multiple of clk_t
WRN:root:Event delay 4 is not a multiple of clk_t
WRN:root:Event delay 3 is not a multiple of clk_t
WRN:root:Event delay 4 is not a multiple of clk_t
WRN:root:Event delay 3 is not a multiple of clk_t
WRN:root:Event delay 4 is not a multiple of clk_t
WRN:root:Event delay 3 is not a multiple of clk_t
WRN:root:Event delay 4 is not a multiple of clk_t
WRN:root:Event delay 3 is not a multiple of clk_t
WRN:root:Event delay 4 is not a multiple of clk_t
WRN:root:Event delay 5 is not a multiple of clk_t
WRN:root:Event delay 1 is not a multiple of clk_t
WRN:root:Event delay 2 is not a multiple of clk_t
WRN:root:Event delay 3 is not a multiple of clk_t
WRN:root:Event delay 4 is not a multiple of clk_t
WRN:root:Event delay 3 is not a multiple of clk_t
WRN:root:Event delay 4 is not a multiple of clk_t
WRN:root:Event delay 3 is not a multiple of clk_t
WRN:root:Event delay 4 is not a multiple of clk_t
WRN:root:Event delay 3 is not a multiple of clk_t
WRN:root:Event delay 4 is not a multiple of clk_t
WRN:root:Event delay 3 is not a multiple of clk_t
WRN:root:Event delay 4 is not a multiple of clk_t
WRN:root:Event delay 3 is not a multiple of clk_t
WRN:root:Event delay 4 is not a multiple of clk_t
WRN:root:Event delay 3 is not a multiple of clk_t
WRN:root:Event delay 4 is not a multiple of clk_t
WRN:root:Event delay 3 is not a multiple of clk_t
WRN:root:Event delay 4 is not a multiple of clk_t
WRN:root:Event delay 3 is not a multiple of clk_t
WRN:root:Event delay 4 is not a multiple of clk_t
WRN:root:Event delay 3 is not a multiple of clk_t
WRN:root:Event delay 4 is not a multiple of clk_t
WRN:root:Event delay 3 is not a multiple of clk_t
WRN:root:Event delay 4 is not a multiple of clk_t
WRN:root:Event delay 3 is not a multiple of clk_t
WRN:root:Event delay 4 is not a multiple of clk_t
WRN:root:Event delay 3 is not a multiple of clk_t
WRN:root:Event delay 4 is not a multiple of clk_t
WRN:root:Event delay 3 is not a multiple of clk_t
WRN:root:Event delay 4 is not a multiple of clk_t
WRN:root:Event delay 3 is not a multiple of clk_t
WRN:root:Event delay 4 is not a multiple of clk_t
WRN:root:Event delay 3 is not a multiple of clk_t
WRN:root:Event delay 4 is not a multiple of clk_t
WRN:root:Event delay 5 is not a multiple of clk_t
WRN:root:Event delay 1 is not a multiple of clk_t
WRN:root:Event delay 2 is not a multiple of clk_t
WRN:root:Event delay 3 is not a multiple of clk_t
WRN:root:Event delay 4 is not a multiple of clk_t
WRN:root:Event delay 3 is not a multiple of clk_t
WRN:root:Event delay 4 is not a multiple of clk_t
WRN:root:Event delay 3 is not a multiple of clk_t
WRN:root:Event delay 4 is not a multiple of clk_t
WRN:root:Event delay 3 is not a multiple of clk_t
WRN:root:Event delay 4 is not a multiple of clk_t
WRN:root:Event delay 3 is not a multiple of clk_t
WRN:root:Event delay 4 is not a multiple of clk_t
WRN:root:Event delay 3 is not a multiple of clk_t
WRN:root:Event delay 4 is not a multiple of clk_t
WRN:root:Event delay 3 is not a multiple of clk_t
WRN:root:Event delay 4 is not a multiple of clk_t
WRN:root:Event delay 3 is not a multiple of clk_t
WRN:root:Event delay 4 is not a multiple of clk_t
WRN:root:Event delay 3 is not a multiple of clk_t
WRN:root:Event delay 4 is not a multiple of clk_t
WRN:root:Event delay 3 is not a multiple of clk_t
WRN:root:Event delay 4 is not a multiple of clk_t
WRN:root:Event delay 3 is not a multiple of clk_t
WRN:root:Event delay 4 is not a multiple of clk_t
WRN:root:Event delay 3 is not a multiple of clk_t
WRN:root:Event delay 4 is not a multiple of clk_t
WRN:root:Event delay 3 is not a multiple of clk_t
WRN:root:Event delay 4 is not a multiple of clk_t
WRN:root:Event delay 3 is not a multiple of clk_t
WRN:root:Event delay 4 is not a multiple of clk_t
WRN:root:Event delay 3 is not a multiple of clk_t
WRN:root:Event delay 4 is not a multiple of clk_t
WRN:root:Event delay 3 is not a multiple of clk_t
WRN:root:Event delay 4 is not a multiple of clk_t
WRN:root:Event delay 5 is not a multiple of clk_t
WRN:root:Event delay 1 is not a multiple of clk_t
WRN:root:Event delay 2 is not a multiple of clk_t
WRN:root:Event delay 3 is not a multiple of clk_t
WRN:root:Event delay 4 is not a multiple of clk_t
WRN:root:Event delay 3 is not a multiple of clk_t
WRN:root:Event delay 4 is not a multiple of clk_t
WRN:root:Event delay 3 is not a multiple of clk_t
WRN:root:Event delay 4 is not a multiple of clk_t
WRN:root:Event delay 3 is not a multiple of clk_t
WRN:root:Event delay 4 is not a multiple of clk_t
WRN:root:Event delay 3 is not a multiple of clk_t
WRN:root:Event delay 4 is not a multiple of clk_t
WRN:root:Event delay 3 is not a multiple of clk_t
WRN:root:Event delay 4 is not a multiple of clk_t
WRN:root:Event delay 3 is not a multiple of clk_t
WRN:root:Event delay 4 is not a multiple of clk_t
WRN:root:Event delay 3 is not a multiple of clk_t
WRN:root:Event delay 4 is not a multiple of clk_t
WRN:root:Event delay 3 is not a multiple of clk_t
WRN:root:Event delay 4 is not a multiple of clk_t
WRN:root:Event delay 3 is not a multiple of clk_t
WRN:root:Event delay 4 is not a multiple of clk_t
WRN:root:Event delay 3 is not a multiple of clk_t
WRN:root:Event delay 4 is not a multiple of clk_t
WRN:root:Event delay 3 is not a multiple of clk_t
WRN:root:Event delay 4 is not a multiple of clk_t
WRN:root:Event delay 3 is not a multiple of clk_t
WRN:root:Event delay 4 is not a multiple of clk_t
WRN:root:Event delay 3 is not a multiple of clk_t
WRN:root:Event delay 4 is not a multiple of clk_t
WRN:root:Event delay 3 is not a multiple of clk_t
WRN:root:Event delay 4 is not a multiple of clk_t
WRN:root:Event delay 3 is not a multiple of clk_t
WRN:root:Event delay 4 is not a multiple of clk_t
WRN:root:Event delay 5 is not a multiple of clk_t
WRN:root:Event delay 1 is not a multiple of clk_t
WRN:root:Event delay 2 is not a multiple of clk_t
WRN:root:Event delay 3 is not a multiple of clk_t
WRN:root:Event delay 4 is not a multiple of clk_t
WRN:root:Event delay 3 is not a multiple of clk_t
WRN:root:Event delay 4 is not a multiple of clk_t
WRN:root:Event delay 3 is not a multiple of clk_t
WRN:root:Event delay 4 is not a multiple of clk_t
WRN:root:Event delay 3 is not a multiple of clk_t
WRN:root:Event delay 4 is not a multiple of clk_t
WRN:root:Event delay 3 is not a multiple of clk_t
WRN:root:Event delay 4 is not a multiple of clk_t
WRN:root:Event delay 3 is not a multiple of clk_t
WRN:root:Event delay 4 is not a multiple of clk_t
WRN:root:Event delay 3 is not a multiple of clk_t
WRN:root:Event delay 4 is not a multiple of clk_t
WRN:root:Event delay 3 is not a multiple of clk_t
WRN:root:Event delay 4 is not a multiple of clk_t
WRN:root:Event delay 3 is not a multiple of clk_t
WRN:root:Event delay 4 is not a multiple of clk_t
WRN:root:Event delay 3 is not a multiple of clk_t
WRN:root:Event delay 4 is not a multiple of clk_t
WRN:root:Event delay 3 is not a multiple of clk_t
WRN:root:Event delay 4 is not a multiple of clk_t
WRN:root:Event delay 3 is not a multiple of clk_t
WRN:root:Event delay 4 is not a multiple of clk_t
WRN:root:Event delay 3 is not a multiple of clk_t
WRN:root:Event delay 4 is not a multiple of clk_t
WRN:root:Event delay 3 is not a multiple of clk_t
WRN:root:Event delay 4 is not a multiple of clk_t
WRN:root:Event delay 3 is not a multiple of clk_t
WRN:root:Event delay 4 is not a multiple of clk_t
WRN:root:Event delay 3 is not a multiple of clk_t
WRN:root:Event delay 4 is not a multiple of clk_t
WRN:root:Event delay 5 is not a multiple of clk_t
WRN:root:Event delay 1 is not a multiple of clk_t
WRN:root:Event delay 2 is not a multiple of clk_t
WRN:root:Event delay 3 is not a multiple of clk_t
WRN:root:Event delay 4 is not a multiple of clk_t
WRN:root:Event delay 3 is not a multiple of clk_t
WRN:root:Event delay 4 is not a multiple of clk_t
WRN:root:Event delay 3 is not a multiple of clk_t
WRN:root:Event delay 4 is not a multiple of clk_t
WRN:root:Event delay 3 is not a multiple of clk_t
WRN:root:Event delay 4 is not a multiple of clk_t
WRN:root:Event delay 3 is not a multiple of clk_t
WRN:root:Event delay 4 is not a multiple of clk_t
WRN:root:Event delay 3 is not a multiple of clk_t
WRN:root:Event delay 4 is not a multiple of clk_t
WRN:root:Event delay 3 is not a multiple of clk_t
WRN:root:Event delay 4 is not a multiple of clk_t
WRN:root:Event delay 3 is not a multiple of clk_t
WRN:root:Event delay 4 is not a multiple of clk_t
WRN:root:Event delay 3 is not a multiple of clk_t
WRN:root:Event delay 4 is not a multiple of clk_t
WRN:root:Event delay 3 is not a multiple of clk_t
WRN:root:Event delay 4 is not a multiple of clk_t
WRN:root:Event delay 3 is not a multiple of clk_t
WRN:root:Event delay 4 is not a multiple of clk_t
WRN:root:Event delay 3 is not a multiple of clk_t
WRN:root:Event delay 4 is not a multiple of clk_t
WRN:root:Event delay 3 is not a multiple of clk_t
WRN:root:Event delay 4 is not a multiple of clk_t
WRN:root:Event delay 3 is not a multiple of clk_t
WRN:root:Event delay 4 is not a multiple of clk_t
WRN:root:Event delay 3 is not a multiple of clk_t
WRN:root:Event delay 4 is not a multiple of clk_t
WRN:root:Event delay 3 is not a multiple of clk_t
WRN:root:Event delay 4 is not a multiple of clk_t
WRN:root:Event delay 5 is not a multiple of clk_t
WRN:root:Event delay 1 is not a multiple of clk_t
WRN:root:Event delay 2 is not a multiple of clk_t
WRN:root:Event delay 3 is not a multiple of clk_t
WRN:root:Event delay 4 is not a multiple of clk_t
WRN:root:Event delay 3 is not a multiple of clk_t
WRN:root:Event delay 4 is not a multiple of clk_t
WRN:root:Event delay 3 is not a multiple of clk_t
WRN:root:Event delay 4 is not a multiple of clk_t
WRN:root:Event delay 3 is not a multiple of clk_t
WRN:root:Event delay 4 is not a multiple of clk_t
WRN:root:Event delay 3 is not a multiple of clk_t
WRN:root:Event delay 4 is not a multiple of clk_t
WRN:root:Event delay 3 is not a multiple of clk_t
WRN:root:Event delay 4 is not a multiple of clk_t
WRN:root:Event delay 3 is not a multiple of clk_t
WRN:root:Event delay 4 is not a multiple of clk_t
WRN:root:Event delay 3 is not a multiple of clk_t
WRN:root:Event delay 4 is not a multiple of clk_t
WRN:root:Event delay 3 is not a multiple of clk_t
WRN:root:Event delay 4 is not a multiple of clk_t
WRN:root:Event delay 3 is not a multiple of clk_t
WRN:root:Event delay 4 is not a multiple of clk_t
WRN:root:Event delay 3 is not a multiple of clk_t
WRN:root:Event delay 4 is not a multiple of clk_t
WRN:root:Event delay 3 is not a multiple of clk_t
WRN:root:Event delay 4 is not a multiple of clk_t
WRN:root:Event delay 3 is not a multiple of clk_t
WRN:root:Event delay 4 is not a multiple of clk_t
WRN:root:Event delay 3 is not a multiple of clk_t
WRN:root:Event delay 4 is not a multiple of clk_t
WRN:root:Event delay 3 is not a multiple of clk_t
WRN:root:Event delay 4 is not a multiple of clk_t
WRN:root:Event delay 3 is not a multiple of clk_t
WRN:root:Event delay 4 is not a multiple of clk_t
WRN:root:Event delay 5 is not a multiple of clk_t
WRN:root:Event delay 1 is not a multiple of clk_t
WRN:root:Event delay 2 is not a multiple of clk_t
WRN:root:Event delay 3 is not a multiple of clk_t
WRN:root:Event delay 4 is not a multiple of clk_t
WRN:root:Event delay 3 is not a multiple of clk_t
WRN:root:Event delay 4 is not a multiple of clk_t
WRN:root:Event delay 3 is not a multiple of clk_t
WRN:root:Event delay 4 is not a multiple of clk_t
WRN:root:Event delay 3 is not a multiple of clk_t
WRN:root:Event delay 4 is not a multiple of clk_t
WRN:root:Event delay 3 is not a multiple of clk_t
WRN:root:Event delay 4 is not a multiple of clk_t
WRN:root:Event delay 3 is not a multiple of clk_t
WRN:root:Event delay 4 is not a multiple of clk_t
WRN:root:Event delay 3 is not a multiple of clk_t
WRN:root:Event delay 4 is not a multiple of clk_t
WRN:root:Event delay 3 is not a multiple of clk_t
WRN:root:Event delay 4 is not a multiple of clk_t
WRN:root:Event delay 3 is not a multiple of clk_t
WRN:root:Event delay 4 is not a multiple of clk_t
WRN:root:Event delay 3 is not a multiple of clk_t
WRN:root:Event delay 4 is not a multiple of clk_t
WRN:root:Event delay 3 is not a multiple of clk_t
WRN:root:Event delay 4 is not a multiple of clk_t
WRN:root:Event delay 3 is not a multiple of clk_t
WRN:root:Event delay 4 is not a multiple of clk_t
WRN:root:Event delay 3 is not a multiple of clk_t
WRN:root:Event delay 4 is not a multiple of clk_t
WRN:root:Event delay 3 is not a multiple of clk_t
WRN:root:Event delay 4 is not a multiple of clk_t
WRN:root:Event delay 3 is not a multiple of clk_t
WRN:root:Event delay 4 is not a multiple of clk_t
WRN:root:Event delay 3 is not a multiple of clk_t
WRN:root:Event delay 4 is not a multiple of clk_t
WRN:root:Event delay 5 is not a multiple of clk_t
WRN:root:Event delay 1 is not a multiple of clk_t
WRN:root:Event delay 2 is not a multiple of clk_t
WRN:root:Event delay 3 is not a multiple of clk_t
WRN:root:Event delay 4 is not a multiple of clk_t
WRN:root:Event delay 3 is not a multiple of clk_t
WRN:root:Event delay 4 is not a multiple of clk_t
WRN:root:Event delay 3 is not a multiple of clk_t
WRN:root:Event delay 4 is not a multiple of clk_t
WRN:root:Event delay 3 is not a multiple of clk_t
WRN:root:Event delay 4 is not a multiple of clk_t
WRN:root:Event delay 3 is not a multiple of clk_t
WRN:root:Event delay 4 is not a multiple of clk_t
WRN:root:Event delay 3 is not a multiple of clk_t
WRN:root:Event delay 4 is not a multiple of clk_t
WRN:root:Event delay 3 is not a multiple of clk_t
WRN:root:Event delay 4 is not a multiple of clk_t
WRN:root:Event delay 3 is not a multiple of clk_t
WRN:root:Event delay 4 is not a multiple of clk_t
WRN:root:Event delay 3 is not a multiple of clk_t
WRN:root:Event delay 4 is not a multiple of clk_t
WRN:root:Event delay 3 is not a multiple of clk_t
WRN:root:Event delay 4 is not a multiple of clk_t
WRN:root:Event delay 3 is not a multiple of clk_t
WRN:root:Event delay 4 is not a multiple of clk_t
WRN:root:Event delay 3 is not a multiple of clk_t
WRN:root:Event delay 4 is not a multiple of clk_t
WRN:root:Event delay 3 is not a multiple of clk_t
WRN:root:Event delay 4 is not a multiple of clk_t
WRN:root:Event delay 3 is not a multiple of clk_t
WRN:root:Event delay 4 is not a multiple of clk_t
WRN:root:Event delay 3 is not a multiple of clk_t
WRN:root:Event delay 4 is not a multiple of clk_t
WRN:root:Event delay 3 is not a multiple of clk_t
WRN:root:Event delay 4 is not a multiple of clk_t
WRN:root:Event delay 5 is not a multiple of clk_t
WRN:root:Event delay 1 is not a multiple of clk_t
WRN:root:Event delay 2 is not a multiple of clk_t
WRN:root:Event delay 3 is not a multiple of clk_t
WRN:root:Event delay 4 is not a multiple of clk_t
WRN:root:Event delay 3 is not a multiple of clk_t
WRN:root:Event delay 4 is not a multiple of clk_t
WRN:root:Event delay 3 is not a multiple of clk_t
WRN:root:Event delay 4 is not a multiple of clk_t
WRN:root:Event delay 3 is not a multiple of clk_t
WRN:root:Event delay 4 is not a multiple of clk_t
WRN:root:Event delay 3 is not a multiple of clk_t
WRN:root:Event delay 4 is not a multiple of clk_t
WRN:root:Event delay 3 is not a multiple of clk_t
WRN:root:Event delay 4 is not a multiple of clk_t
WRN:root:Event delay 3 is not a multiple of clk_t
WRN:root:Event delay 4 is not a multiple of clk_t
WRN:root:Event delay 3 is not a multiple of clk_t
WRN:root:Event delay 4 is not a multiple of clk_t
WRN:root:Event delay 3 is not a multiple of clk_t
WRN:root:Event delay 4 is not a multiple of clk_t
WRN:root:Event delay 3 is not a multiple of clk_t
WRN:root:Event delay 4 is not a multiple of clk_t
WRN:root:Event delay 3 is not a multiple of clk_t
WRN:root:Event delay 4 is not a multiple of clk_t
WRN:root:Event delay 3 is not a multiple of clk_t
WRN:root:Event delay 4 is not a multiple of clk_t
WRN:root:Event delay 3 is not a multiple of clk_t
WRN:root:Event delay 4 is not a multiple of clk_t
WRN:root:Event delay 3 is not a multiple of clk_t
WRN:root:Event delay 4 is not a multiple of clk_t
WRN:root:Event delay 3 is not a multiple of clk_t
WRN:root:Event delay 4 is not a multiple of clk_t
WRN:root:Event delay 3 is not a multiple of clk_t
WRN:root:Event delay 4 is not a multiple of clk_t
WRN:root:Event delay 5 is not a multiple of clk_t
WRN:root:Event delay 1 is not a multiple of clk_t
WRN:root:Event delay 2 is not a multiple of clk_t
WRN:root:Event delay 3 is not a multiple of clk_t
WRN:root:Event delay 4 is not a multiple of clk_t
WRN:root:Event delay 3 is not a multiple of clk_t
WRN:root:Event delay 4 is not a multiple of clk_t
WRN:root:Event delay 3 is not a multiple of clk_t
WRN:root:Event delay 4 is not a multiple of clk_t
WRN:root:Event delay 3 is not a multiple of clk_t
WRN:root:Event delay 4 is not a multiple of clk_t
WRN:root:Event delay 3 is not a multiple of clk_t
WRN:root:Event delay 4 is not a multiple of clk_t
WRN:root:Event delay 3 is not a multiple of clk_t
WRN:root:Event delay 4 is not a multiple of clk_t
WRN:root:Event delay 3 is not a multiple of clk_t
WRN:root:Event delay 4 is not a multiple of clk_t
WRN:root:Event delay 3 is not a multiple of clk_t
WRN:root:Event delay 4 is not a multiple of clk_t
WRN:root:Event delay 3 is not a multiple of clk_t
WRN:root:Event delay 4 is not a multiple of clk_t
WRN:root:Event delay 3 is not a multiple of clk_t
WRN:root:Event delay 4 is not a multiple of clk_t
WRN:root:Event delay 3 is not a multiple of clk_t
WRN:root:Event delay 4 is not a multiple of clk_t
WRN:root:Event delay 3 is not a multiple of clk_t
WRN:root:Event delay 4 is not a multiple of clk_t
WRN:root:Event delay 3 is not a multiple of clk_t
WRN:root:Event delay 4 is not a multiple of clk_t
WRN:root:Event delay 3 is not a multiple of clk_t
WRN:root:Event delay 4 is not a multiple of clk_t
WRN:root:Event delay 3 is not a multiple of clk_t
WRN:root:Event delay 4 is not a multiple of clk_t
WRN:root:Event delay 3 is not a multiple of clk_t
WRN:root:Event delay 4 is not a multiple of clk_t
WRN:root:Event delay 5 is not a multiple of clk_t
WRN:root:Event delay 1 is not a multiple of clk_t
WRN:root:Event delay 2 is not a multiple of clk_t
WRN:root:Event delay 3 is not a multiple of clk_t
WRN:root:Event delay 4 is not a multiple of clk_t
WRN:root:Event delay 3 is not a multiple of clk_t
WRN:root:Event delay 4 is not a multiple of clk_t
WRN:root:Event delay 3 is not a multiple of clk_t
WRN:root:Event delay 4 is not a multiple of clk_t
WRN:root:Event delay 3 is not a multiple of clk_t
WRN:root:Event delay 4 is not a multiple of clk_t
WRN:root:Event delay 3 is not a multiple of clk_t
WRN:root:Event delay 4 is not a multiple of clk_t
WRN:root:Event delay 3 is not a multiple of clk_t
WRN:root:Event delay 4 is not a multiple of clk_t
WRN:root:Event delay 3 is not a multiple of clk_t
WRN:root:Event delay 4 is not a multiple of clk_t
WRN:root:Event delay 3 is not a multiple of clk_t
WRN:root:Event delay 4 is not a multiple of clk_t
WRN:root:Event delay 3 is not a multiple of clk_t
WRN:root:Event delay 4 is not a multiple of clk_t
WRN:root:Event delay 3 is not a multiple of clk_t
WRN:root:Event delay 4 is not a multiple of clk_t
WRN:root:Event delay 3 is not a multiple of clk_t
WRN:root:Event delay 4 is not a multiple of clk_t
WRN:root:Event delay 3 is not a multiple of clk_t
WRN:root:Event delay 4 is not a multiple of clk_t
WRN:root:Event delay 3 is not a multiple of clk_t
WRN:root:Event delay 4 is not a multiple of clk_t
WRN:root:Event delay 3 is not a multiple of clk_t
WRN:root:Event delay 4 is not a multiple of clk_t
WRN:root:Event delay 3 is not a multiple of clk_t
WRN:root:Event delay 4 is not a multiple of clk_t
WRN:root:Event delay 3 is not a multiple of clk_t
WRN:root:Event delay 4 is not a multiple of clk_t
WRN:root:Event delay 5 is not a multiple of clk_t
WRN:root:Event delay 1 is not a multiple of clk_t
WRN:root:Event delay 2 is not a multiple of clk_t
WRN:root:Event delay 3 is not a multiple of clk_t
WRN:root:Event delay 4 is not a multiple of clk_t
WRN:root:Event delay 3 is not a multiple of clk_t
WRN:root:Event delay 4 is not a multiple of clk_t
WRN:root:Event delay 3 is not a multiple of clk_t
WRN:root:Event delay 4 is not a multiple of clk_t
WRN:root:Event delay 3 is not a multiple of clk_t
WRN:root:Event delay 4 is not a multiple of clk_t
WRN:root:Event delay 3 is not a multiple of clk_t
WRN:root:Event delay 4 is not a multiple of clk_t
WRN:root:Event delay 3 is not a multiple of clk_t
WRN:root:Event delay 4 is not a multiple of clk_t
WRN:root:Event delay 3 is not a multiple of clk_t
WRN:root:Event delay 4 is not a multiple of clk_t
WRN:root:Event delay 3 is not a multiple of clk_t
WRN:root:Event delay 4 is not a multiple of clk_t
WRN:root:Event delay 3 is not a multiple of clk_t
WRN:root:Event delay 4 is not a multiple of clk_t
WRN:root:Event delay 3 is not a multiple of clk_t
WRN:root:Event delay 4 is not a multiple of clk_t
WRN:root:Event delay 3 is not a multiple of clk_t
WRN:root:Event delay 4 is not a multiple of clk_t
WRN:root:Event delay 3 is not a multiple of clk_t
WRN:root:Event delay 4 is not a multiple of clk_t
WRN:root:Event delay 3 is not a multiple of clk_t
WRN:root:Event delay 4 is not a multiple of clk_t
WRN:root:Event delay 3 is not a multiple of clk_t
WRN:root:Event delay 4 is not a multiple of clk_t
WRN:root:Event delay 3 is not a multiple of clk_t
WRN:root:Event delay 4 is not a multiple of clk_t
WRN:root:Event delay 3 is not a multiple of clk_t
WRN:root:Event delay 4 is not a multiple of clk_t
WRN:root:Event delay 5 is not a multiple of clk_t
WRN:root:Event delay 20 is not a multiple of clk_t
WRN:root:Delay event 3380 is not a multiple of clk_t
WRN:root:Delay event 3370 is not a multiple of clk_t
WRN:root:Delay event 3170 is not a multiple of clk_t
WRN:root:Delay event 3160 is not a multiple of clk_t
WRN:root:Delay event 869960 is not a multiple of clk_t
WRN:root:Dwell time (15.625) rounded to 15.625000000000002, multiple of clk_t (0.008138020833333334)
INF:root:PulSeq file loaded
INF:root:Compiling Tx data...
INF:root:Tx data compiled
INF:root:Compiling gradient data...
INF:root:Gradient data compiled
ERR:acq:Connection has timed out, may be the RedPitaya is not connected
ERR:acq:Failed to run sequence tse_3D. Failure during step run_sequence.
ERR:acq:[Errno 32] Broken pipe
Traceback (most recent call last):
  File "/Users/edison/repos/maglite/mri4all/console/services/acq/main.py", line 104, in process_acquisition
    if not seq_instance.run_sequence(scan_task):
           ^^^^^^^^^^^^^^^^^^^^^^^^^^^^^^^^^^^^
  File "/Users/edison/repos/maglite/mri4all/console/sequences/tse_3D.py", line 249, in run_sequence
    rxd, rx_t = run_pulseq(
                ^^^^^^^^^^^
  File "/Users/edison/repos/maglite/mri4all/console/external/seq/adjustments_acq/scripts.py", line 155, in run_pulseq
    expt = ex.Experiment(
           ^^^^^^^^^^^^^^
  File "/Users/edison/repos/maglite/mri4all/console/external/marcos_client/experiment.py", line 138, in __init__
    self.gradb.init_hw()
  File "/Users/edison/repos/maglite/mri4all/console/external/marcos_client/grad_board.py", line 251, in init_hw
    self.server_command({'direct': 0x00000000 | (2 << 0) | (self.adc_spi_div << 2) | (0 << 8) | (0 << 9)})
  File "/Users/edison/repos/maglite/mri4all/console/external/marcos_client/experiment.py", line 154, in server_command
    return sc.command(server_dict, self._s, self._print_infos, self._assert_errors)
           ^^^^^^^^^^^^^^^^^^^^^^^^^^^^^^^^^^^^^^^^^^^^^^^^^^^^^^^^^^^^^^^^^^^^^^^^
  File "/Users/edison/repos/maglite/mri4all/console/external/marcos_client/server_comms.py", line 75, in command
    reply = send_packet(packet, socket)
            ^^^^^^^^^^^^^^^^^^^^^^^^^^^
  File "/Users/edison/repos/maglite/mri4all/console/external/marcos_client/server_comms.py", line 61, in send_packet
    socket.sendall(msgpack.packb(packet))
BrokenPipeError: [Errno 32] Broken pipe
ERR:acq:Unable to create lock file /Users/edison/repos/maglite/mri4all/data/acq/64f304d2-586d-11f0-bdfa-86b7b11de545#scan_1/LOCK
WRN:acq:Exception ignored in: 
WRN:acq:<function FileLock.__del__ at 0x10bbff7e0>
WRN:acq:Traceback (most recent call last):

WRN:acq:  File "/Users/edison/repos/maglite/mri4all/console/common/helper.py", line 36, in __del__

WRN:acq:    
WRN:acq:self.free()
WRN:acq:  File "/Users/edison/repos/maglite/mri4all/console/common/helper.py", line 39, in free

WRN:acq:    
WRN:acq:if self.lockCreated:
WRN:acq: 
WRN:acq: 
WRN:acq: 
WRN:acq: 
WRN:acq: 
WRN:acq: 
WRN:acq: 
WRN:acq:^
WRN:acq:^
WRN:acq:^
WRN:acq:^
WRN:acq:^
WRN:acq:^
WRN:acq:^
WRN:acq:^
WRN:acq:^
WRN:acq:^
WRN:acq:^
WRN:acq:^
WRN:acq:^
WRN:acq:^
WRN:acq:^
WRN:acq:^
WRN:acq:AttributeError
WRN:acq:: 
WRN:acq:'FileLock' object has no attribute 'lockCreated'
INF:acq:Moving folder /Users/edison/repos/maglite/mri4all/data/acq/64f304d2-586d-11f0-bdfa-86b7b11de545#scan_1 to /Users/edison/repos/maglite/mri4all/data/failure
WRN:acq:Folder not found at /Users/edison/repos/maglite/mri4all/data/acq/64f304d2-586d-11f0-bdfa-86b7b11de545#scan_1
ERR:acq:Failed to move scan 64f304d2-586d-11f0-bdfa-86b7b11de545#scan_1 to failure folder. Critical Error.
INF:acq:Shutdown requested
INF:acq:Acquisition service terminated
INF:acq:-------------
INF:acq:Unable to remove fifo file /tmp/mri4all/pipes/acq_pipe, but not to worry about
INF:acq:Unable to remove fifo file /tmp/mri4all/pipes/acq_pipe, but not to worry about
INF:acq:Unable to remove fifo file /tmp/mri4all/pipes/acq_pipe, but not to worry about
INF:acq:Unable to remove fifo file /tmp/mri4all/pipes/acq_pipe, but not to worry about
INF:acq:Unable to remove fifo file /tmp/mri4all/pipes/acq_pipe, but not to worry about
INF:acq:Unable to remove fifo file /tmp/mri4all/pipes/acq_pipe, but not to worry about
INF:acq:Unable to remove fifo file /tmp/mri4all/pipes/acq_pipe, but not to worry about
INF:acq:Unable to remove fifo file /tmp/mri4all/pipes/acq_pipe, but not to worry about
